<?xml version="1.0" encoding="UTF-8"?>
<!-- Generated by org.testng.reporters.JUnitReportReporter -->
<testsuite hostname="Gopimanisri" failures="0" tests="1" name="pageobject.HomePage" time="25.621" errors="0" timestamp="2021-11-18T12:26:27 IST" skipped="0">
  <testcase classname="pageobject.HomePage" name="logintest" time="25.621"/>
  <system-out/>
</testsuite> <!-- pageobject.HomePage -->
