<?xml version="1.0" encoding="UTF-8"?>
<!-- Generated by org.testng.reporters.JUnitReportReporter -->
<testsuite hostname="Gopimanisri" failures="0" tests="1" name="pageobject.TestCase3" time="47.773" errors="0" timestamp="2021-11-18T12:26:27 IST" skipped="0">
  <testcase classname="pageobject.TestCase3" name="testcase3" time="47.773"/>
  <system-out/>
</testsuite> <!-- pageobject.TestCase3 -->
