<?xml version="1.0" encoding="UTF-8"?>
<!-- Generated by org.testng.reporters.JUnitReportReporter -->
<testsuite hostname="Gopimanisri" failures="0" tests="1" name="pageobject.TestCase1" time="88.656" errors="0" timestamp="2021-11-18T12:26:27 IST" skipped="0">
  <testcase classname="pageobject.TestCase1" name="testCase1" time="88.656"/>
  <system-out/>
</testsuite> <!-- pageobject.TestCase1 -->
